[debug] > Exec(test, None, None)
[debug] Evaluating tasks: Test / test
[debug] Running task... Cancel: Signal, check cycles: false, forcegc: true
[info] HomeworkTest:
[info] - Correct sum of array
[info] - Correct kidsWithCandies *** FAILED ***
[info]   Array(true, true, true, false, true) did not equal (true,true,true,false,true) (HomeworkTest.scala:16)
[info] Run completed in 336 milliseconds.
[info] Total number of tests run: 2
[info] Suites: completed 1, aborted 0
[info] Tests: succeeded 1, failed 1, canceled 0, ignored 0, pending 0
[info] *** 1 TEST FAILED ***
[error] Failed tests:
[error] 	HomeworkTest
[error] (Test / test) sbt.TestsFailedException: Tests unsuccessful
[error] Total time: 1 s, completed 11 февр. 2021 г., 0:02:30
[debug] > Exec(idea-shell, None, None)
